application/gzip
application/java-archive
application/octet-stream
application/vnd.android.package-archive
application/vnd.ms-cab-compressed
application/vnd.rar
application/x-7z-compressed
application/x-ace-compressed
application/x-alz-compressed
application/x-apple-diskimage
application/x-archive
application/x-arj
application/x-astrotite-afa
application/x-b1
application/x-bzip2
application/x-cfs-compressed
application/x-compress
application/x-cpio
application/x-dar
application/x-dgc-compressed
application/x-freearc
application/x-gca-compressed
application/x-gtar
application/x-iso9660-image
application/x-lzh
application/x-lzip
application/x-lzma
application/x-lzop
application/x-lzx
application/x-ms-wim
application/x-par2
application/x-rar
application/x-sbx
application/x-shar
application/x-snappy-framed
application/x-stuffit
application/x-tar
application/x-xar
application/x-xz
application/x-zoo
application/zip
application/zstd
